{"/app/components/registration-form.tsx": {"path":"/app/components/registration-form.tsx","statementMap":{"0":{"start":{"line":33,"column":16},"end":{"line":33,"column":32}},"1":{"start":{"line":24,"column":13},"end":{"line":24,"column":23}},"2":{"start":{"line":3,"column":36},"end":{"line":3,"column":null}},"3":{"start":{"line":4,"column":40},"end":{"line":4,"column":null}},"4":{"start":{"line":5,"column":24},"end":{"line":5,"column":null}},"5":{"start":{"line":6,"column":18},"end":{"line":6,"column":null}},"6":{"start":{"line":7,"column":28},"end":{"line":7,"column":null}},"7":{"start":{"line":8,"column":38},"end":{"line":8,"column":null}},"8":{"start":{"line":9,"column":23},"end":{"line":9,"column":null}},"9":{"start":{"line":10,"column":22},"end":{"line":10,"column":null}},"10":{"start":{"line":11,"column":22},"end":{"line":11,"column":null}},"11":{"start":{"line":12,"column":25},"end":{"line":12,"column":null}},"12":{"start":{"line":19,"column":7},"end":{"line":19,"column":null}},"13":{"start":{"line":20,"column":26},"end":{"line":20,"column":null}},"14":{"start":{"line":21,"column":25},"end":{"line":21,"column":null}},"15":{"start":{"line":24,"column":26},"end":{"line":29,"column":null}},"16":{"start":{"line":34,"column":42},"end":{"line":34,"column":null}},"17":{"start":{"line":35,"column":36},"end":{"line":35,"column":null}},"18":{"start":{"line":36,"column":42},"end":{"line":36,"column":null}},"19":{"start":{"line":37,"column":38},"end":{"line":37,"column":null}},"20":{"start":{"line":38,"column":28},"end":{"line":38,"column":null}},"21":{"start":{"line":39,"column":30},"end":{"line":39,"column":null}},"22":{"start":{"line":41,"column":2},"end":{"line":52,"column":null}},"23":{"start":{"line":43,"column":6},"end":{"line":43,"column":null}},"24":{"start":{"line":47,"column":4},"end":{"line":47,"column":null}},"25":{"start":{"line":50,"column":4},"end":{"line":50,"column":null}},"26":{"start":{"line":51,"column":4},"end":{"line":51,"column":null}},"27":{"start":{"line":51,"column":17},"end":{"line":51,"column":null}},"28":{"start":{"line":61,"column":6},"end":{"line":69,"column":null}},"29":{"start":{"line":71,"column":22},"end":{"line":71,"column":null}},"30":{"start":{"line":72,"column":23},"end":{"line":72,"column":null}},"31":{"start":{"line":73,"column":22},"end":{"line":73,"column":null}},"32":{"start":{"line":75,"column":19},"end":{"line":110,"column":null}},"33":{"start":{"line":76,"column":4},"end":{"line":76,"column":null}},"34":{"start":{"line":77,"column":4},"end":{"line":77,"column":null}},"35":{"start":{"line":79,"column":4},"end":{"line":109,"column":null}},"36":{"start":{"line":81,"column":39},"end":{"line":90,"column":null}},"37":{"start":{"line":92,"column":6},"end":{"line":94,"column":null}},"38":{"start":{"line":93,"column":8},"end":{"line":93,"column":null}},"39":{"start":{"line":96,"column":6},"end":{"line":96,"column":null}},"40":{"start":{"line":97,"column":6},"end":{"line":97,"column":null}},"41":{"start":{"line":101,"column":6},"end":{"line":103,"column":null}},"42":{"start":{"line":102,"column":8},"end":{"line":102,"column":null}},"43":{"start":{"line":105,"column":6},"end":{"line":105,"column":null}},"44":{"start":{"line":106,"column":6},"end":{"line":106,"column":null}},"45":{"start":{"line":108,"column":6},"end":{"line":108,"column":null}},"46":{"start":{"line":113,"column":17},"end":{"line":127,"column":null}},"47":{"start":{"line":209,"column":22},"end":{"line":209,"column":null}},"48":{"start":{"line":210,"column":22},"end":{"line":210,"column":null}},"49":{"start":{"line":211,"column":22},"end":{"line":214,"column":null}},"50":{"start":{"line":212,"column":24},"end":{"line":212,"column":null}},"51":{"start":{"line":213,"column":24},"end":{"line":213,"column":null}},"52":{"start":{"line":291,"column":48},"end":{"line":291,"column":null}},"53":{"start":{"line":298,"column":26},"end":{"line":298,"column":50}}},"fnMap":{"0":{"name":"RegistrationForm","decl":{"start":{"line":33,"column":16},"end":{"line":33,"column":32}},"loc":{"start":{"line":33,"column":16},"end":{"line":369,"column":null}}},"1":{"name":"(anonymous_5)","decl":{"start":{"line":41,"column":12},"end":{"line":41,"column":null}},"loc":{"start":{"line":41,"column":12},"end":{"line":52,"column":5}}},"2":{"name":"updateWindowSize","decl":{"start":{"line":42,"column":13},"end":{"line":42,"column":null}},"loc":{"start":{"line":42,"column":13},"end":{"line":44,"column":null}}},"3":{"name":"(anonymous_7)","decl":{"start":{"line":51,"column":11},"end":{"line":51,"column":17}},"loc":{"start":{"line":51,"column":17},"end":{"line":51,"column":null}}},"4":{"name":"(anonymous_8)","decl":{"start":{"line":75,"column":19},"end":{"line":75,"column":26}},"loc":{"start":{"line":75,"column":26},"end":{"line":110,"column":null}}},"5":{"name":"(anonymous_9)","decl":{"start":{"line":101,"column":17},"end":{"line":101,"column":null}},"loc":{"start":{"line":101,"column":17},"end":{"line":103,"column":9}}},"6":{"name":"(anonymous_10)","decl":{"start":{"line":207,"column":29},"end":{"line":207,"column":null}},"loc":{"start":{"line":207,"column":29},"end":{"line":215,"column":null}}},"7":{"name":"(anonymous_11)","decl":{"start":{"line":211,"column":33},"end":{"line":211,"column":null}},"loc":{"start":{"line":211,"column":33},"end":{"line":214,"column":25}}},"8":{"name":"(anonymous_12)","decl":{"start":{"line":291,"column":37},"end":{"line":291,"column":38}},"loc":{"start":{"line":291,"column":48},"end":{"line":291,"column":null}}},"9":{"name":"(anonymous_13)","decl":{"start":{"line":297,"column":36},"end":{"line":297,"column":37}},"loc":{"start":{"line":298,"column":26},"end":{"line":298,"column":50}}}},"branchMap":{"0":{"loc":{"start":{"line":86,"column":18},"end":{"line":86,"column":null}},"type":"binary-expr","locations":[{"start":{"line":86,"column":18},"end":{"line":86,"column":27}},{"start":{"line":86,"column":31},"end":{"line":86,"column":null}}]},"1":{"loc":{"start":{"line":87,"column":19},"end":{"line":87,"column":null}},"type":"binary-expr","locations":[{"start":{"line":87,"column":19},"end":{"line":87,"column":35}},{"start":{"line":87,"column":35},"end":{"line":87,"column":null}}]},"2":{"loc":{"start":{"line":88,"column":26},"end":{"line":88,"column":null}},"type":"binary-expr","locations":[{"start":{"line":88,"column":26},"end":{"line":88,"column":41}},{"start":{"line":88,"column":41},"end":{"line":88,"column":null}}]},"3":{"loc":{"start":{"line":92,"column":6},"end":{"line":94,"column":null}},"type":"if","locations":[{"start":{"line":92,"column":6},"end":{"line":94,"column":null}}]},"4":{"loc":{"start":{"line":135,"column":7},"end":{"line":135,"column":23}},"type":"binary-expr","locations":[{"start":{"line":135,"column":7},"end":{"line":135,"column":23}},{"start":{"line":135,"column":23},"end":{"line":135,"column":null}}]},"5":{"loc":{"start":{"line":176,"column":15},"end":{"line":228,"column":null}},"type":"cond-expr","locations":[{"start":{"line":177,"column":16},"end":{"line":178,"column":null}},{"start":{"line":227,"column":16},"end":{"line":228,"column":null}}]},"6":{"loc":{"start":{"line":199,"column":29},"end":{"line":199,"column":67}},"type":"cond-expr","locations":[{"start":{"line":199,"column":43},"end":{"line":199,"column":61}},{"start":{"line":199,"column":64},"end":{"line":199,"column":67}}]},"7":{"loc":{"start":{"line":220,"column":19},"end":{"line":220,"column":null}},"type":"binary-expr","locations":[{"start":{"line":220,"column":19},"end":{"line":220,"column":null}}]},"8":{"loc":{"start":{"line":235,"column":19},"end":{"line":235,"column":null}},"type":"binary-expr","locations":[{"start":{"line":235,"column":19},"end":{"line":235,"column":null}}]},"9":{"loc":{"start":{"line":257,"column":21},"end":{"line":257,"column":33}},"type":"binary-expr","locations":[{"start":{"line":257,"column":21},"end":{"line":257,"column":33}}]},"10":{"loc":{"start":{"line":320,"column":23},"end":{"line":320,"column":41}},"type":"binary-expr","locations":[{"start":{"line":320,"column":23},"end":{"line":320,"column":41}}]},"11":{"loc":{"start":{"line":340,"column":25},"end":{"line":342,"column":null}},"type":"cond-expr","locations":[{"start":{"line":341,"column":28},"end":{"line":341,"column":null}},{"start":{"line":342,"column":28},"end":{"line":342,"column":null}}]},"12":{"loc":{"start":{"line":348,"column":23},"end":{"line":348,"column":null}},"type":"binary-expr","locations":[{"start":{"line":348,"column":23},"end":{"line":348,"column":null}}]}},"s":{"0":6,"1":6,"2":1,"3":1,"4":1,"5":1,"6":1,"7":1,"8":1,"9":1,"10":1,"11":1,"12":1,"13":1,"14":1,"15":1,"16":47,"17":47,"18":47,"19":47,"20":47,"21":47,"22":47,"23":6,"24":6,"25":6,"26":6,"27":6,"28":47,"29":47,"30":47,"31":47,"32":47,"33":2,"34":2,"35":2,"36":2,"37":2,"38":2,"39":0,"40":0,"41":0,"42":0,"43":2,"44":2,"45":2,"46":47,"47":0,"48":0,"49":0,"50":0,"51":0,"52":0,"53":611},"f":{"0":47,"1":6,"2":6,"3":6,"4":2,"5":0,"6":0,"7":0,"8":0,"9":611},"b":{"0":[2,1],"1":[2,2],"2":[2,2],"3":[2],"4":[47,0],"5":[0,47],"6":[0,0],"7":[0],"8":[47],"9":[47],"10":[47],"11":[2,45],"12":[47]}}
,"/app/lib/supabase.ts": {"path":"/app/lib/supabase.ts","statementMap":{"0":{"start":{"line":6,"column":13},"end":{"line":6,"column":24}},"1":{"start":{"line":1,"column":29},"end":{"line":1,"column":null}},"2":{"start":{"line":3,"column":20},"end":{"line":3,"column":null}},"3":{"start":{"line":4,"column":20},"end":{"line":4,"column":null}},"4":{"start":{"line":6,"column":24},"end":{"line":6,"column":null}}},"fnMap":{},"branchMap":{},"s":{"0":2,"1":1,"2":1,"3":1,"4":1},"f":{},"b":{}}
,"/app/lib/utils.ts": {"path":"/app/lib/utils.ts","statementMap":{"0":{"start":{"line":4,"column":16},"end":{"line":4,"column":19}},"1":{"start":{"line":1,"column":38},"end":{"line":1,"column":null}},"2":{"start":{"line":2,"column":24},"end":{"line":2,"column":null}},"3":{"start":{"line":5,"column":2},"end":{"line":5,"column":null}}},"fnMap":{"0":{"name":"cn","decl":{"start":{"line":4,"column":16},"end":{"line":4,"column":19}},"loc":{"start":{"line":4,"column":42},"end":{"line":6,"column":null}}}},"branchMap":{},"s":{"0":1141,"1":2,"2":2,"3":1141},"f":{"0":1141},"b":{}}
}
