TN:
SF:components/registration-form.tsx
FN:33,RegistrationForm
FN:41,(anonymous_5)
FN:42,updateWindowSize
FN:51,(anonymous_7)
FN:75,(anonymous_8)
FN:101,(anonymous_9)
FN:207,(anonymous_10)
FN:211,(anonymous_11)
FN:291,(anonymous_12)
FN:297,(anonymous_13)
FNF:10
FNH:6
FNDA:47,RegistrationForm
FNDA:6,(anonymous_5)
FNDA:6,updateWindowSize
FNDA:6,(anonymous_7)
FNDA:2,(anonymous_8)
FNDA:0,(anonymous_9)
FNDA:0,(anonymous_10)
FNDA:0,(anonymous_11)
FNDA:0,(anonymous_12)
FNDA:611,(anonymous_13)
DA:3,1
DA:4,1
DA:5,1
DA:6,1
DA:7,1
DA:8,1
DA:9,1
DA:10,1
DA:11,1
DA:12,1
DA:19,1
DA:20,1
DA:21,1
DA:24,6
DA:33,6
DA:34,47
DA:35,47
DA:36,47
DA:37,47
DA:38,47
DA:39,47
DA:41,47
DA:43,6
DA:47,6
DA:50,6
DA:51,6
DA:61,47
DA:71,47
DA:72,47
DA:73,47
DA:75,47
DA:76,2
DA:77,2
DA:79,2
DA:81,2
DA:92,2
DA:93,2
DA:96,0
DA:97,0
DA:101,0
DA:102,0
DA:105,2
DA:106,2
DA:108,2
DA:113,47
DA:209,0
DA:210,0
DA:211,0
DA:212,0
DA:213,0
DA:291,0
DA:298,611
LF:52
LH:42
BRDA:86,0,0,2
BRDA:86,0,1,1
BRDA:87,1,0,2
BRDA:87,1,1,2
BRDA:88,2,0,2
BRDA:88,2,1,2
BRDA:92,3,0,2
BRDA:135,4,0,47
BRDA:135,4,1,0
BRDA:176,5,0,0
BRDA:176,5,1,47
BRDA:199,6,0,0
BRDA:199,6,1,0
BRDA:220,7,0,0
BRDA:235,8,0,47
BRDA:257,9,0,47
BRDA:320,10,0,47
BRDA:340,11,0,2
BRDA:340,11,1,45
BRDA:348,12,0,47
BRF:20
BRH:15
end_of_record
TN:
SF:lib/supabase.ts
FNF:0
FNH:0
DA:1,1
DA:3,1
DA:4,1
DA:6,2
LF:4
LH:4
BRF:0
BRH:0
end_of_record
TN:
SF:lib/utils.ts
FN:4,cn
FNF:1
FNH:1
FNDA:1141,cn
DA:1,2
DA:2,2
DA:4,1141
DA:5,1141
LF:4
LH:4
BRF:0
BRH:0
end_of_record
